<?xml version="1.0" encoding="UTF-8"?>
<!-- Generated by org.testng.reporters.JUnitReportReporter -->
<testsuite skipped="0" hostname="DESKTOP-4QT76F7" name="com.inetbanking.testCases.TC_LoginTest_001" tests="1" failures="0" timestamp="2021-02-10T08:04:26 IST" time="3.156" errors="0">
  <testcase name="loginTest" time="3.156" classname="com.inetbanking.testCases.TC_LoginTest_001"/>
</testsuite> <!-- com.inetbanking.testCases.TC_LoginTest_001 -->
